06/23/2022 10:41:07 AM:INFO:demo:initialization of home page of html started
06/23/2022 10:41:46 AM:INFO:demo:initialization of prediction started through data received from html forms
06/23/2022 10:41:46 AM:INFO:demo:initialization of prediction started through data received from html forms
06/23/2022 10:41:46 AM:INFO:demo:inputs received from html form converted into list
06/23/2022 10:41:46 AM:INFO:demo:inputs received from html form converted into list
06/23/2022 10:41:46 AM:INFO:demo:standardization process is completed
06/23/2022 10:41:46 AM:INFO:demo:standardization process is completed
06/23/2022 10:41:46 AM:INFO:demo:prediction of input is done successfully 1
06/23/2022 10:41:46 AM:INFO:demo:prediction of input is done successfully 1
06/23/2022 10:41:46 AM:INFO:demo:prediction result shows: FIRE
06/23/2022 10:41:46 AM:INFO:demo:prediction result shows: FIRE
06/23/2022 10:44:42 AM:INFO:demo:initialization of home page of html started
06/23/2022 10:45:21 AM:INFO:demo:initialization of prediction started through data received from html forms
06/23/2022 10:45:21 AM:INFO:demo:initialization of prediction started through data received from html forms
06/23/2022 10:45:21 AM:INFO:demo:inputs received from html form converted into list
06/23/2022 10:45:21 AM:INFO:demo:inputs received from html form converted into list
06/23/2022 10:45:21 AM:INFO:demo:standardization process is completed
06/23/2022 10:45:21 AM:INFO:demo:standardization process is completed
06/23/2022 10:45:21 AM:INFO:demo:prediction of input is done successfully 1
06/23/2022 10:45:21 AM:INFO:demo:prediction of input is done successfully 1
06/23/2022 10:45:21 AM:INFO:demo:prediction result shows: FIRE
06/23/2022 10:45:21 AM:INFO:demo:prediction result shows: FIRE
06/23/2022 07:57:12 PM:INFO:demo:initialization of home page of html started
